=== Pipeline Start ===
Warning: Looks like you're using an outdated API Version, please consider updating (server 2.0.2 / client 1.6.17)
Output file downloaded to /home/maria_dev/raw_data/daily_apparel/ecommerce_apparel_2019-10-01.csv
Output file downloaded to /home/maria_dev/raw_data/daily_apparel/ecommerce_apparel_2019-10-02.csv
Output file downloaded to /home/maria_dev/raw_data/daily_apparel/ecommerce_apparel_2019-10-03.csv
Output file downloaded to /home/maria_dev/raw_data/daily_apparel/ecommerce_apparel_2019-10-04.csv
Output file downloaded to /home/maria_dev/raw_data/daily_apparel/ecommerce_apparel_2019-10-05.csv
Output file downloaded to /home/maria_dev/raw_data/daily_apparel/ecommerce_apparel_2019-10-06.csv
Output file downloaded to /home/maria_dev/raw_data/daily_apparel/ecommerce_apparel_2019-10-07.csv
Output file downloaded to /home/maria_dev/raw_data/daily_apparel/ecommerce_apparel_2019-10-08.csv
Output file downloaded to /home/maria_dev/raw_data/daily_apparel/ecommerce_apparel_2019-10-09.csv
Output file downloaded to /home/maria_dev/raw_data/daily_apparel/ecommerce_apparel_2019-10-10.csv
Output file downloaded to /home/maria_dev/raw_data/daily_apparel/ecommerce_apparel_2019-10-11.csv
Output file downloaded to /home/maria_dev/raw_data/daily_apparel/ecommerce_apparel_2019-10-12.csv
Output file downloaded to /home/maria_dev/raw_data/daily_apparel/ecommerce_apparel_2019-10-13.csv
Output file downloaded to /home/maria_dev/raw_data/daily_apparel/ecommerce_apparel_2019-10-14.csv
Output file downloaded to /home/maria_dev/raw_data/daily_apparel/ecommerce_apparel_2019-10-15.csv
Output file downloaded to /home/maria_dev/raw_data/daily_apparel/ecommerce_apparel_2019-10-16.csv
Output file downloaded to /home/maria_dev/raw_data/daily_apparel/ecommerce_apparel_2019-10-17.csv
Output file downloaded to /home/maria_dev/raw_data/daily_apparel/ecommerce_apparel_2019-10-18.csv
Output file downloaded to /home/maria_dev/raw_data/daily_apparel/ecommerce_apparel_2019-10-19.csv
Output file downloaded to /home/maria_dev/raw_data/daily_apparel/ecommerce_apparel_2019-10-20.csv
Output file downloaded to /home/maria_dev/raw_data/daily_apparel/ecommerce_apparel_2019-10-21.csv
Output file downloaded to /home/maria_dev/raw_data/daily_apparel/ecommerce_apparel_2019-10-22.csv
Output file downloaded to /home/maria_dev/raw_data/daily_apparel/ecommerce_apparel_2019-10-23.csv
Output file downloaded to /home/maria_dev/raw_data/daily_apparel/ecommerce_apparel_2019-10-24.csv
Output file downloaded to /home/maria_dev/raw_data/daily_apparel/ecommerce_apparel_2019-10-25.csv
Output file downloaded to /home/maria_dev/raw_data/daily_apparel/ecommerce_apparel_2019-10-26.csv
Output file downloaded to /home/maria_dev/raw_data/daily_apparel/ecommerce_apparel_2019-10-27.csv
Output file downloaded to /home/maria_dev/raw_data/daily_apparel/ecommerce_apparel_2019-10-28.csv
Output file downloaded to /home/maria_dev/raw_data/daily_apparel/ecommerce_apparel_2019-10-29.csv
Output file downloaded to /home/maria_dev/raw_data/daily_apparel/ecommerce_apparel_2019-10-30.csv
Output file downloaded to /home/maria_dev/raw_data/daily_apparel/ecommerce_apparel_2019-10-31.csv
Kernel log downloaded to /home/maria_dev/raw_data/notebook4e2d36e53e.log 
[2019-10-10] Uploaded to HDFS
[2019-10-06] Uploaded to HDFS
[2019-10-30] Uploaded to HDFS
[2019-10-02] Uploaded to HDFS
[2019-10-22] Uploaded to HDFS
[2019-10-21] Uploaded to HDFS
[2019-10-08] Uploaded to HDFS
[2019-10-11] Uploaded to HDFS
[2019-10-04] Uploaded to HDFS
[2019-10-17] Uploaded to HDFS
[2019-10-14] Uploaded to HDFS
[2019-10-28] Uploaded to HDFS
[2019-10-16] Uploaded to HDFS
[2019-10-13] Uploaded to HDFS
[2019-10-07] Uploaded to HDFS
[2019-10-31] Uploaded to HDFS
[2019-10-03] Uploaded to HDFS
[2019-10-01] Uploaded to HDFS
[2019-10-19] Uploaded to HDFS
[2019-10-23] Uploaded to HDFS
[2019-10-24] Uploaded to HDFS
[2019-10-20] Uploaded to HDFS
[2019-10-25] Uploaded to HDFS
[2019-10-29] Uploaded to HDFS
[2019-10-12] Uploaded to HDFS
[2019-10-26] Uploaded to HDFS
[2019-10-05] Uploaded to HDFS
[2019-10-09] Uploaded to HDFS
[2019-10-15] Uploaded to HDFS
[2019-10-27] Uploaded to HDFS
[2019-10-18] Uploaded to HDFS
=== Pipeline End ===
=== Pipeline Start ===
Warning: Looks like you're using an outdated API Version, please consider updating (server 2.0.2 / client 1.6.17)
Output file downloaded to /home/maria_dev/raw_data/daily_apparel/ecommerce_apparel_2019-10-01.csv
Output file downloaded to /home/maria_dev/raw_data/daily_apparel/ecommerce_apparel_2019-10-02.csv
Output file downloaded to /home/maria_dev/raw_data/daily_apparel/ecommerce_apparel_2019-10-03.csv
Output file downloaded to /home/maria_dev/raw_data/daily_apparel/ecommerce_apparel_2019-10-04.csv
Output file downloaded to /home/maria_dev/raw_data/daily_apparel/ecommerce_apparel_2019-10-05.csv
Output file downloaded to /home/maria_dev/raw_data/daily_apparel/ecommerce_apparel_2019-10-06.csv
Output file downloaded to /home/maria_dev/raw_data/daily_apparel/ecommerce_apparel_2019-10-07.csv
Output file downloaded to /home/maria_dev/raw_data/daily_apparel/ecommerce_apparel_2019-10-08.csv
Output file downloaded to /home/maria_dev/raw_data/daily_apparel/ecommerce_apparel_2019-10-09.csv
Output file downloaded to /home/maria_dev/raw_data/daily_apparel/ecommerce_apparel_2019-10-10.csv
Output file downloaded to /home/maria_dev/raw_data/daily_apparel/ecommerce_apparel_2019-10-11.csv
Output file downloaded to /home/maria_dev/raw_data/daily_apparel/ecommerce_apparel_2019-10-12.csv
Output file downloaded to /home/maria_dev/raw_data/daily_apparel/ecommerce_apparel_2019-10-13.csv
Output file downloaded to /home/maria_dev/raw_data/daily_apparel/ecommerce_apparel_2019-10-14.csv
Output file downloaded to /home/maria_dev/raw_data/daily_apparel/ecommerce_apparel_2019-10-15.csv
Output file downloaded to /home/maria_dev/raw_data/daily_apparel/ecommerce_apparel_2019-10-16.csv
Output file downloaded to /home/maria_dev/raw_data/daily_apparel/ecommerce_apparel_2019-10-17.csv
Output file downloaded to /home/maria_dev/raw_data/daily_apparel/ecommerce_apparel_2019-10-18.csv
Output file downloaded to /home/maria_dev/raw_data/daily_apparel/ecommerce_apparel_2019-10-19.csv
Output file downloaded to /home/maria_dev/raw_data/daily_apparel/ecommerce_apparel_2019-10-20.csv
Output file downloaded to /home/maria_dev/raw_data/daily_apparel/ecommerce_apparel_2019-10-21.csv
Output file downloaded to /home/maria_dev/raw_data/daily_apparel/ecommerce_apparel_2019-10-22.csv
Output file downloaded to /home/maria_dev/raw_data/daily_apparel/ecommerce_apparel_2019-10-23.csv
Output file downloaded to /home/maria_dev/raw_data/daily_apparel/ecommerce_apparel_2019-10-24.csv
Output file downloaded to /home/maria_dev/raw_data/daily_apparel/ecommerce_apparel_2019-10-25.csv
Output file downloaded to /home/maria_dev/raw_data/daily_apparel/ecommerce_apparel_2019-10-26.csv
Output file downloaded to /home/maria_dev/raw_data/daily_apparel/ecommerce_apparel_2019-10-27.csv
Output file downloaded to /home/maria_dev/raw_data/daily_apparel/ecommerce_apparel_2019-10-28.csv
Output file downloaded to /home/maria_dev/raw_data/daily_apparel/ecommerce_apparel_2019-10-29.csv
Output file downloaded to /home/maria_dev/raw_data/daily_apparel/ecommerce_apparel_2019-10-30.csv
Output file downloaded to /home/maria_dev/raw_data/daily_apparel/ecommerce_apparel_2019-10-31.csv
Kernel log downloaded to /home/maria_dev/raw_data/notebook4e2d36e53e.log 
[2019-10-10] Uploaded to HDFS
[2019-10-06] Uploaded to HDFS
[2019-10-30] Uploaded to HDFS
[2019-10-02] Uploaded to HDFS
[2019-10-22] Uploaded to HDFS
[2019-10-21] Uploaded to HDFS
26/06/03 17:02:07 WARN hdfs.DataStreamer: Caught exception
java.lang.InterruptedException
	at java.lang.Object.wait(Native Method)
	at java.lang.Thread.join(Thread.java:1252)
	at java.lang.Thread.join(Thread.java:1326)
	at org.apache.hadoop.hdfs.DataStreamer.closeResponder(DataStreamer.java:986)
	at org.apache.hadoop.hdfs.DataStreamer.endBlock(DataStreamer.java:640)
	at org.apache.hadoop.hdfs.DataStreamer.run(DataStreamer.java:810)
[2019-10-08] Uploaded to HDFS
[2019-10-11] Uploaded to HDFS
[2019-10-04] Uploaded to HDFS
[2019-10-17] Uploaded to HDFS
[2019-10-14] Uploaded to HDFS
[2019-10-28] Uploaded to HDFS
[2019-10-16] Uploaded to HDFS
[2019-10-13] Uploaded to HDFS
[2019-10-07] Uploaded to HDFS
[2019-10-31] Uploaded to HDFS
[2019-10-03] Uploaded to HDFS
[2019-10-01] Uploaded to HDFS
[2019-10-19] Uploaded to HDFS
[2019-10-23] Uploaded to HDFS
[2019-10-24] Uploaded to HDFS
[2019-10-20] Uploaded to HDFS
[2019-10-25] Uploaded to HDFS
[2019-10-29] Uploaded to HDFS
[2019-10-12] Uploaded to HDFS
[2019-10-26] Uploaded to HDFS
[2019-10-05] Uploaded to HDFS
[2019-10-09] Uploaded to HDFS
[2019-10-15] Uploaded to HDFS
[2019-10-27] Uploaded to HDFS
[2019-10-18] Uploaded to HDFS
=== Pipeline End ===
=== Pipeline Start ===
Warning: Looks like you're using an outdated API Version, please consider updating (server 2.0.2 / client 1.6.17)
Output file downloaded to /home/maria_dev/raw_data/daily_apparel/ecommerce_apparel_2019-10-01.csv
Output file downloaded to /home/maria_dev/raw_data/daily_apparel/ecommerce_apparel_2019-10-02.csv
Output file downloaded to /home/maria_dev/raw_data/daily_apparel/ecommerce_apparel_2019-10-03.csv
Output file downloaded to /home/maria_dev/raw_data/daily_apparel/ecommerce_apparel_2019-10-04.csv
Output file downloaded to /home/maria_dev/raw_data/daily_apparel/ecommerce_apparel_2019-10-05.csv
Output file downloaded to /home/maria_dev/raw_data/daily_apparel/ecommerce_apparel_2019-10-06.csv
Output file downloaded to /home/maria_dev/raw_data/daily_apparel/ecommerce_apparel_2019-10-07.csv
Output file downloaded to /home/maria_dev/raw_data/daily_apparel/ecommerce_apparel_2019-10-08.csv
Output file downloaded to /home/maria_dev/raw_data/daily_apparel/ecommerce_apparel_2019-10-09.csv
Output file downloaded to /home/maria_dev/raw_data/daily_apparel/ecommerce_apparel_2019-10-10.csv
Output file downloaded to /home/maria_dev/raw_data/daily_apparel/ecommerce_apparel_2019-10-11.csv
Output file downloaded to /home/maria_dev/raw_data/daily_apparel/ecommerce_apparel_2019-10-12.csv
Output file downloaded to /home/maria_dev/raw_data/daily_apparel/ecommerce_apparel_2019-10-13.csv
Output file downloaded to /home/maria_dev/raw_data/daily_apparel/ecommerce_apparel_2019-10-14.csv
Output file downloaded to /home/maria_dev/raw_data/daily_apparel/ecommerce_apparel_2019-10-15.csv
Output file downloaded to /home/maria_dev/raw_data/daily_apparel/ecommerce_apparel_2019-10-16.csv
Output file downloaded to /home/maria_dev/raw_data/daily_apparel/ecommerce_apparel_2019-10-17.csv
Output file downloaded to /home/maria_dev/raw_data/daily_apparel/ecommerce_apparel_2019-10-18.csv
Output file downloaded to /home/maria_dev/raw_data/daily_apparel/ecommerce_apparel_2019-10-19.csv
Output file downloaded to /home/maria_dev/raw_data/daily_apparel/ecommerce_apparel_2019-10-20.csv
Output file downloaded to /home/maria_dev/raw_data/daily_apparel/ecommerce_apparel_2019-10-21.csv
Output file downloaded to /home/maria_dev/raw_data/daily_apparel/ecommerce_apparel_2019-10-22.csv
Output file downloaded to /home/maria_dev/raw_data/daily_apparel/ecommerce_apparel_2019-10-23.csv
Output file downloaded to /home/maria_dev/raw_data/daily_apparel/ecommerce_apparel_2019-10-24.csv
Output file downloaded to /home/maria_dev/raw_data/daily_apparel/ecommerce_apparel_2019-10-25.csv
Output file downloaded to /home/maria_dev/raw_data/daily_apparel/ecommerce_apparel_2019-10-26.csv
Output file downloaded to /home/maria_dev/raw_data/daily_apparel/ecommerce_apparel_2019-10-27.csv
Output file downloaded to /home/maria_dev/raw_data/daily_apparel/ecommerce_apparel_2019-10-28.csv
Output file downloaded to /home/maria_dev/raw_data/daily_apparel/ecommerce_apparel_2019-10-29.csv
Output file downloaded to /home/maria_dev/raw_data/daily_apparel/ecommerce_apparel_2019-10-30.csv
Output file downloaded to /home/maria_dev/raw_data/daily_apparel/ecommerce_apparel_2019-10-31.csv
Kernel log downloaded to /home/maria_dev/raw_data/notebook4e2d36e53e.log 
[2019-10-10] Uploaded to HDFS
[2019-10-06] Uploaded to HDFS
[2019-10-30] Uploaded to HDFS
[2019-10-02] Uploaded to HDFS
[2019-10-22] Uploaded to HDFS
[2019-10-21] Uploaded to HDFS
[2019-10-08] Uploaded to HDFS
[2019-10-11] Uploaded to HDFS
[2019-10-04] Uploaded to HDFS
[2019-10-17] Uploaded to HDFS
[2019-10-14] Uploaded to HDFS
[2019-10-28] Uploaded to HDFS
[2019-10-16] Uploaded to HDFS
[2019-10-13] Uploaded to HDFS
[2019-10-07] Uploaded to HDFS
[2019-10-31] Uploaded to HDFS
[2019-10-03] Uploaded to HDFS
[2019-10-01] Uploaded to HDFS
[2019-10-19] Uploaded to HDFS
[2019-10-23] Uploaded to HDFS
[2019-10-24] Uploaded to HDFS
[2019-10-20] Uploaded to HDFS
[2019-10-25] Uploaded to HDFS
[2019-10-29] Uploaded to HDFS
[2019-10-12] Uploaded to HDFS
[2019-10-26] Uploaded to HDFS
[2019-10-05] Uploaded to HDFS
[2019-10-09] Uploaded to HDFS
[2019-10-15] Uploaded to HDFS
[2019-10-27] Uploaded to HDFS
[2019-10-18] Uploaded to HDFS
=== Pipeline End ===
=== Pipeline Start ===
Warning: Looks like you're using an outdated API Version, please consider updating (server 2.0.2 / client 1.6.17)
Output file downloaded to /home/maria_dev/raw_data/daily_apparel/ecommerce_apparel_2019-10-01.csv
Output file downloaded to /home/maria_dev/raw_data/daily_apparel/ecommerce_apparel_2019-10-02.csv
Output file downloaded to /home/maria_dev/raw_data/daily_apparel/ecommerce_apparel_2019-10-03.csv
Output file downloaded to /home/maria_dev/raw_data/daily_apparel/ecommerce_apparel_2019-10-04.csv
Output file downloaded to /home/maria_dev/raw_data/daily_apparel/ecommerce_apparel_2019-10-05.csv
Output file downloaded to /home/maria_dev/raw_data/daily_apparel/ecommerce_apparel_2019-10-06.csv
Output file downloaded to /home/maria_dev/raw_data/daily_apparel/ecommerce_apparel_2019-10-07.csv
Output file downloaded to /home/maria_dev/raw_data/daily_apparel/ecommerce_apparel_2019-10-08.csv
Output file downloaded to /home/maria_dev/raw_data/daily_apparel/ecommerce_apparel_2019-10-09.csv
Output file downloaded to /home/maria_dev/raw_data/daily_apparel/ecommerce_apparel_2019-10-10.csv
Output file downloaded to /home/maria_dev/raw_data/daily_apparel/ecommerce_apparel_2019-10-11.csv
Output file downloaded to /home/maria_dev/raw_data/daily_apparel/ecommerce_apparel_2019-10-12.csv
Output file downloaded to /home/maria_dev/raw_data/daily_apparel/ecommerce_apparel_2019-10-13.csv
Output file downloaded to /home/maria_dev/raw_data/daily_apparel/ecommerce_apparel_2019-10-14.csv
Output file downloaded to /home/maria_dev/raw_data/daily_apparel/ecommerce_apparel_2019-10-15.csv
Output file downloaded to /home/maria_dev/raw_data/daily_apparel/ecommerce_apparel_2019-10-16.csv
Output file downloaded to /home/maria_dev/raw_data/daily_apparel/ecommerce_apparel_2019-10-17.csv
Output file downloaded to /home/maria_dev/raw_data/daily_apparel/ecommerce_apparel_2019-10-18.csv
Output file downloaded to /home/maria_dev/raw_data/daily_apparel/ecommerce_apparel_2019-10-19.csv
Output file downloaded to /home/maria_dev/raw_data/daily_apparel/ecommerce_apparel_2019-10-20.csv
Output file downloaded to /home/maria_dev/raw_data/daily_apparel/ecommerce_apparel_2019-10-21.csv
Output file downloaded to /home/maria_dev/raw_data/daily_apparel/ecommerce_apparel_2019-10-22.csv
Output file downloaded to /home/maria_dev/raw_data/daily_apparel/ecommerce_apparel_2019-10-23.csv
Output file downloaded to /home/maria_dev/raw_data/daily_apparel/ecommerce_apparel_2019-10-24.csv
Output file downloaded to /home/maria_dev/raw_data/daily_apparel/ecommerce_apparel_2019-10-25.csv
Output file downloaded to /home/maria_dev/raw_data/daily_apparel/ecommerce_apparel_2019-10-26.csv
Output file downloaded to /home/maria_dev/raw_data/daily_apparel/ecommerce_apparel_2019-10-27.csv
Output file downloaded to /home/maria_dev/raw_data/daily_apparel/ecommerce_apparel_2019-10-28.csv
Output file downloaded to /home/maria_dev/raw_data/daily_apparel/ecommerce_apparel_2019-10-29.csv
Output file downloaded to /home/maria_dev/raw_data/daily_apparel/ecommerce_apparel_2019-10-30.csv
Output file downloaded to /home/maria_dev/raw_data/daily_apparel/ecommerce_apparel_2019-10-31.csv
Kernel log downloaded to /home/maria_dev/raw_data/notebook4e2d36e53e.log 
[2019-10-10] Uploaded to HDFS
[2019-10-06] Uploaded to HDFS
[2019-10-30] Uploaded to HDFS
[2019-10-02] Uploaded to HDFS
[2019-10-22] Uploaded to HDFS
[2019-10-21] Uploaded to HDFS
[2019-10-08] Uploaded to HDFS
[2019-10-11] Uploaded to HDFS
[2019-10-04] Uploaded to HDFS
[2019-10-17] Uploaded to HDFS
[2019-10-14] Uploaded to HDFS
[2019-10-28] Uploaded to HDFS
[2019-10-16] Uploaded to HDFS
[2019-10-13] Uploaded to HDFS
[2019-10-07] Uploaded to HDFS
[2019-10-31] Uploaded to HDFS
[2019-10-03] Uploaded to HDFS
[2019-10-01] Uploaded to HDFS
[2019-10-19] Uploaded to HDFS
[2019-10-23] Uploaded to HDFS
[2019-10-24] Uploaded to HDFS
[2019-10-20] Uploaded to HDFS
[2019-10-25] Uploaded to HDFS
[2019-10-29] Uploaded to HDFS
[2019-10-12] Uploaded to HDFS
[2019-10-26] Uploaded to HDFS
[2019-10-05] Uploaded to HDFS
[2019-10-09] Uploaded to HDFS
[2019-10-15] Uploaded to HDFS
[2019-10-27] Uploaded to HDFS
[2019-10-18] Uploaded to HDFS
=== Pipeline End ===
